
Showing logs for build [32mcb-kubecd-bdd-ghfjxy-1568457074-7n6d2-1[0m stage [32mmeta-pipeline[0m and container [32mstep-credential-initializer-wf4tn[0m
{"level":"warn","ts":1568457433.253181,"logger":"fallback-logger","caller":"logging/config.go:69","msg":"Fetch GitHub commit ID from kodata failed: \"ref: refs/heads/master\" is not a valid GitHub commit ID"}
{"level":"info","ts":1568457433.2571383,"logger":"fallback-logger","caller":"creds-init/main.go:40","msg":"Credentials initialized."}

Showing logs for build [32mcb-kubecd-bdd-ghfjxy-1568457074-7n6d2-1[0m stage [32mmeta-pipeline[0m and container [32mstep-working-dir-initializer-gtn5c[0m
{"level":"warn","ts":1568457434.2582493,"logger":"fallback-logger","caller":"logging/config.go:69","msg":"Fetch GitHub commit ID from kodata failed: open /var/run/ko/HEAD: no such file or directory"}
{"level":"info","ts":1568457434.260479,"logger":"fallback-logger","caller":"bash/main.go:65","msg":"Successfully executed command \"mkdir -p /workspace/source\""}

Showing logs for build [32mcb-kubecd-bdd-ghfjxy-1568457074-7n6d2-1[0m stage [32mmeta-pipeline[0m and container [32mstep-place-tools[0m

Showing logs for build [32mcb-kubecd-bdd-ghfjxy-1568457074-7n6d2-1[0m stage [32mmeta-pipeline[0m and container [32mstep-git-source-meta-cb-kubecd-bdd-ghfjxy-15684-6fp4s[0m
{"level":"warn","ts":1568457440.2375073,"logger":"fallback-logger","caller":"logging/config.go:69","msg":"Fetch GitHub commit ID from kodata failed: \"ref: refs/heads/master\" is not a valid GitHub commit ID"}
{"level":"info","ts":1568457441.2852778,"logger":"fallback-logger","caller":"git/git.go:102","msg":"Successfully cloned https://github.com/cb-kubecd/bdd-ghf**y-1568457074.git @ 26cbdd37ffaf481d4c776bc650c959484cca352b in path /workspace/source"}

Showing logs for build [32mcb-kubecd-bdd-ghfjxy-1568457074-7n6d2-1[0m stage [32mmeta-pipeline[0m and container [32mstep-git-merge[0m
Using SHAs from PULL_REFS=master:26cbdd37ffaf481d4c776bc650c959484cca352b,1:0f93803c98856eaf2d0b9904ea026c645f192d88
DEBUG: ran git fetch --unshallow origin 0f93803c98856eaf2d0b9904ea026c645f192d88: 26cbdd37ffaf481d4c776bc650c959484cca352b: in 
DEBUG: ran git checkout master in 
DEBUG: ran git reset --hard 26cbdd37ffaf481d4c776bc650c959484cca352b in 
DEBUG: ran clean --force -d . in 
DEBUG: ran git merge 0f93803c98856eaf2d0b9904ea026c645f192d88 in 
Merged SHA 0f93803c98856eaf2d0b9904ea026c645f192d88 with commit message 'My first PR commit' into base branch master

Showing logs for build [32mcb-kubecd-bdd-ghfjxy-1568457074-7n6d2-1[0m stage [32mmeta-pipeline[0m and container [32mstep-merge-pull-refs[0m
DEBUG: ran git fetch origin 0f93803c98856eaf2d0b9904ea026c645f192d88: 26cbdd37ffaf481d4c776bc650c959484cca352b: in 
DEBUG: Unshallowed git repo in 
DEBUG: ran git checkout master in 
DEBUG: ran git reset --hard 26cbdd37ffaf481d4c776bc650c959484cca352b in 
DEBUG: ran clean --force -d . in 
DEBUG: ran git merge 0f93803c98856eaf2d0b9904ea026c645f192d88 in 
Merged SHA 0f93803c98856eaf2d0b9904ea026c645f192d88 with commit message 'My first PR commit' into base branch master

Showing logs for build [32mcb-kubecd-bdd-ghfjxy-1568457074-7n6d2-1[0m stage [32mmeta-pipeline[0m and container [32mstep-create-effective-pipeline[0m
Deleting and cloning the Jenkins X versions repo
Cloning the Jenkins X versions repo https://github.com/jenkins-x/jenkins-x-versions.git with ref refs/heads/master to /builder/home/.**/jenkins-x-versions
performing pack detection in folder /workspace/source
--> Draft detected YAML (67.752116%)
--> Could not find a pack for YAML. Trying to find the next likely language match...
--> Draft detected RPM Spec (14.854397%)
--> Could not find a pack for RPM Spec. Trying to find the next likely language match...
--> Draft detected Coq (6.799598%)
--> Could not find a pack for Coq. Trying to find the next likely language match...
--> Draft detected Smarty (3.701047%)
--> Could not find a pack for Smarty. Trying to find the next likely language match...
--> Draft detected Go (2.904892%)
selected pack: /builder/home/.**/draft/packs/github.com/jenkins-x-buildpacks/jenkins-x-kubernetes/packs/go
Effective pipeline written to jenkins-x-serverless-jenkins-effective.yml

Showing logs for build [32mcb-kubecd-bdd-ghfjxy-1568457074-7n6d2-1[0m stage [32mmeta-pipeline[0m and container [32mstep-create-tekton-crds[0m
PipelineActivity for cb-kubecd-bdd-ghf**y-1568457074-PR-1-1
Applying changes 
upserted PipelineResource cb-kubecd-bdd-ghf**y-1568457074 for the git repository https://github.com/cb-kubecd/bdd-ghf**y-1568457074.git
upserted Task cb-kubecd-bdd-ghf**y-1568457074-7n6d2-run-make-1
upserted Task cb-kubecd-bdd-ghf**y-1568457074-7n6d2-everything-else-1
upserted Pipeline cb-kubecd-bdd-ghf**y-1568457074-7n6d2-1
created PipelineRun cb-kubecd-bdd-ghf**y-1568457074-7n6d2-1
created PipelineStructure cb-kubecd-bdd-ghf**y-1568457074-7n6d2-1

Showing logs for build [32mcb-kubecd-bdd-ghfjxy-1568457074-7n6d2-1[0m stage [32mrun-make[0m and container [32mstep-credential-initializer-2gfhw[0m
{"level":"warn","ts":1568457464.5087142,"logger":"fallback-logger","caller":"logging/config.go:69","msg":"Fetch GitHub commit ID from kodata failed: \"ref: refs/heads/master\" is not a valid GitHub commit ID"}
{"level":"info","ts":1568457464.5092864,"logger":"fallback-logger","caller":"creds-init/main.go:40","msg":"Credentials initialized."}

Showing logs for build [32mcb-kubecd-bdd-ghfjxy-1568457074-7n6d2-1[0m stage [32mrun-make[0m and container [32mstep-working-dir-initializer-pp5hm[0m
{"level":"warn","ts":1568457465.502638,"logger":"fallback-logger","caller":"logging/config.go:69","msg":"Fetch GitHub commit ID from kodata failed: open /var/run/ko/HEAD: no such file or directory"}
{"level":"info","ts":1568457465.50576,"logger":"fallback-logger","caller":"bash/main.go:65","msg":"Successfully executed command \"mkdir -p /workspace/source\""}

Showing logs for build [32mcb-kubecd-bdd-ghfjxy-1568457074-7n6d2-1[0m stage [32mrun-make[0m and container [32mstep-place-tools[0m

Showing logs for build [32mcb-kubecd-bdd-ghfjxy-1568457074-7n6d2-1[0m stage [32mrun-make[0m and container [32mstep-git-source-cb-kubecd-bdd-ghfjxy-1568457074-9k4tt[0m
{"level":"warn","ts":1568457471.6259787,"logger":"fallback-logger","caller":"logging/config.go:69","msg":"Fetch GitHub commit ID from kodata failed: \"ref: refs/heads/master\" is not a valid GitHub commit ID"}
{"level":"info","ts":1568457472.6828647,"logger":"fallback-logger","caller":"git/git.go:102","msg":"Successfully cloned https://github.com/cb-kubecd/bdd-ghf**y-1568457074.git @ master in path /workspace/source"}

Showing logs for build [32mcb-kubecd-bdd-ghfjxy-1568457074-7n6d2-1[0m stage [32mrun-make[0m and container [32mstep-git-merge[0m
Using SHAs from PULL_REFS=master:26cbdd37ffaf481d4c776bc650c959484cca352b,1:0f93803c98856eaf2d0b9904ea026c645f192d88
DEBUG: ran git fetch --unshallow origin 0f93803c98856eaf2d0b9904ea026c645f192d88: 26cbdd37ffaf481d4c776bc650c959484cca352b: in 
DEBUG: ran git checkout master in 
DEBUG: ran git reset --hard 26cbdd37ffaf481d4c776bc650c959484cca352b in 
DEBUG: ran clean --force -d . in 
DEBUG: ran git merge 0f93803c98856eaf2d0b9904ea026c645f192d88 in 
Merged SHA 0f93803c98856eaf2d0b9904ea026c645f192d88 with commit message 'My first PR commit' into base branch master

Showing logs for build [32mcb-kubecd-bdd-ghfjxy-1568457074-7n6d2-1[0m stage [32mrun-make[0m and container [32mstep-build-make-linux[0m
CGO_ENABLED=0 GOOS=linux GOARCH=amd64 GO15VENDOREXPERIMENT=1 go build -ldflags '' -o bin/bdd-ghf**y-1568457074 main.go

Showing logs for build [32mcb-kubecd-bdd-ghfjxy-1568457074-7n6d2-1[0m stage [32mrun-make[0m and container [32mstep-source-mkdir-cb-kubecd-bdd-ghfjxy-1568457074-wctcb[0m
{"level":"warn","ts":1568457480.6002793,"logger":"fallback-logger","caller":"logging/config.go:69","msg":"Fetch GitHub commit ID from kodata failed: open /var/run/ko/HEAD: no such file or directory"}
{"level":"info","ts":1568457480.63541,"logger":"fallback-logger","caller":"bash/main.go:65","msg":"Successfully executed command \"mkdir -p /pvc/run-make/workspace\""}

Showing logs for build [32mcb-kubecd-bdd-ghfjxy-1568457074-7n6d2-1[0m stage [32mrun-make[0m and container [32mstep-source-copy-cb-kubecd-bdd-ghfjxy-1568457074-9db6j[0m
{"level":"warn","ts":1568457480.9483945,"logger":"fallback-logger","caller":"logging/config.go:69","msg":"Fetch GitHub commit ID from kodata failed: open /var/run/ko/HEAD: no such file or directory"}
{"level":"info","ts":1568457480.9662805,"logger":"fallback-logger","caller":"bash/main.go:65","msg":"Successfully executed command \"cp -r /workspace/source/. /pvc/run-make/workspace\""}

Showing logs for build [32mcb-kubecd-bdd-ghfjxy-1568457074-7n6d2-1[0m stage [32meverything-else[0m and container [32mstep-credential-initializer-pl5hf[0m
{"level":"warn","ts":1568457488.873898,"logger":"fallback-logger","caller":"logging/config.go:69","msg":"Fetch GitHub commit ID from kodata failed: \"ref: refs/heads/master\" is not a valid GitHub commit ID"}
{"level":"info","ts":1568457488.8743625,"logger":"fallback-logger","caller":"creds-init/main.go:40","msg":"Credentials initialized."}

Showing logs for build [32mcb-kubecd-bdd-ghfjxy-1568457074-7n6d2-1[0m stage [32meverything-else[0m and container [32mstep-working-dir-initializer-6bcqw[0m
{"level":"warn","ts":1568457489.9163704,"logger":"fallback-logger","caller":"logging/config.go:69","msg":"Fetch GitHub commit ID from kodata failed: open /var/run/ko/HEAD: no such file or directory"}
{"level":"info","ts":1568457489.9181364,"logger":"fallback-logger","caller":"bash/main.go:65","msg":"Successfully executed command \"mkdir -p /workspace/source /workspace/source/charts/preview\""}

Showing logs for build [32mcb-kubecd-bdd-ghfjxy-1568457074-7n6d2-1[0m stage [32meverything-else[0m and container [32mstep-place-tools[0m

Showing logs for build [32mcb-kubecd-bdd-ghfjxy-1568457074-7n6d2-1[0m stage [32meverything-else[0m and container [32mstep-create-dir-workspace-t922d[0m
{"level":"warn","ts":1568457495.0601628,"logger":"fallback-logger","caller":"logging/config.go:69","msg":"Fetch GitHub commit ID from kodata failed: open /var/run/ko/HEAD: no such file or directory"}
{"level":"info","ts":1568457495.0613635,"logger":"fallback-logger","caller":"bash/main.go:65","msg":"Successfully executed command \"mkdir -p /workspace/source\""}

Showing logs for build [32mcb-kubecd-bdd-ghfjxy-1568457074-7n6d2-1[0m stage [32meverything-else[0m and container [32mstep-source-copy-workspace-sss8n[0m
{"level":"warn","ts":1568457495.2893627,"logger":"fallback-logger","caller":"logging/config.go:69","msg":"Fetch GitHub commit ID from kodata failed: open /var/run/ko/HEAD: no such file or directory"}
{"level":"info","ts":1568457495.60206,"logger":"fallback-logger","caller":"bash/main.go:65","msg":"Successfully executed command \"cp -r /pvc/run-make/workspace/. /workspace/source\""}

Showing logs for build [32mcb-kubecd-bdd-ghfjxy-1568457074-7n6d2-1[0m stage [32meverything-else[0m and container [32mstep-build-container-build[0m
[36mINFO[0m[0000] No base image, nothing to extract            
[36mINFO[0m[0000] cmd: EXPOSE                                  
[36mINFO[0m[0000] Adding exposed port: 8080/tcp                
[36mINFO[0m[0000] Using files from context: [/workspace/source/bin] 
[36mINFO[0m[0000] Skipping unpacking as no commands require it. 
[36mINFO[0m[0000] Taking snapshot of full filesystem...        
[36mINFO[0m[0000] EXPOSE 8080                                  
[36mINFO[0m[0000] cmd: EXPOSE                                  
[36mINFO[0m[0000] Adding exposed port: 8080/tcp                
[36mINFO[0m[0000] No files changed in this command, skipping snapshotting. 
[36mINFO[0m[0000] ENTRYPOINT ["/bdd-ghf**y-1568457074"]        
[36mINFO[0m[0000] No files changed in this command, skipping snapshotting. 
[36mINFO[0m[0000] Using files from context: [/workspace/source/bin] 
[36mINFO[0m[0000] COPY ./bin/ /                                
[36mINFO[0m[0000] Taking snapshot of files...                  
2019/09/14 10:38:21 pushed blob: sha256:f3d15f7b1081f4e62500bdc71591980936723cfe8c150cee142b062f0bc83f9c
2019/09/14 10:38:21 pushed blob: sha256:eaa048ab47a843bce754bf80fe5e4c7c409305e0c581d09cd5fb2e2ffa317683
2019/09/14 10:38:23 gcr.io/jenkins-x-bdd3/bdd-ghf**y-1568457074:0.0.0-SNAPSHOT-PR-1-1: digest: sha256:424bd73cc0d0b7826056867819d8cae5d58bbecc790e6b34117c57958cb2c605 size: 428

Showing logs for build [32mcb-kubecd-bdd-ghfjxy-1568457074-7n6d2-1[0m stage [32meverything-else[0m and container [32mstep-postbuild-post-build[0m
no CVE provider running in the current ** namespace so skip adding image to be analysed

Showing logs for build [32mcb-kubecd-bdd-ghfjxy-1568457074-7n6d2-1[0m stage [32meverything-else[0m and container [32mstep-promote-make-preview[0m
sed -i -e "s/version:.*/version: 0.0.0-SNAPSHOT-PR-1-1/" Chart.yaml
sed -i -e "s/version:.*/version: 0.0.0-SNAPSHOT-PR-1-1/" ../*/Chart.yaml
sed -i -e "s|repository:.*|repository: gcr.io\/jenkins-x-bdd3\/bdd-ghf**y-1568457074|" values.yaml
sed -i -e "s/tag:.*/tag: 0.0.0-SNAPSHOT-PR-1-1/" values.yaml
echo "  version: 0.0.0-SNAPSHOT-PR-1-1" >> requirements.yaml
** step helm build
WARNING: No $CHART_REPOSITORY defined so using the default value of: http://jenkins-x-chartmuseum:8080
Adding missing Helm repo: storage.googleapis.com https://storage.googleapis.com/chartmuseum.jenkins-x.io
Successfully added Helm repository storage.googleapis.com.
Adding missing Helm repo: jenkins-x-chartmuseum http://jenkins-x-chartmuseum:8080
Successfully added Helm repository jenkins-x-chartmuseum.
WARNING: No $CHART_REPOSITORY defined so using the default value of: http://jenkins-x-chartmuseum:8080
Adding missing Helm repo: chartmuseum.jenkins-x.io http://chartmuseum.jenkins-x.io
Successfully added Helm repository chartmuseum.jenkins-x.io.

Showing logs for build [32mcb-kubecd-bdd-ghfjxy-1568457074-7n6d2-1[0m stage [32meverything-else[0m and container [32mstep-promote-jx-preview[0m
Creating a preview
WARNING: No author for commit: 0f93803c98856eaf2d0b9904ea026c645f192d88
Created environment cb-kubecd-bdd-ghf**y-1568457074-pr-1
Namespace **-cb-kubecd-bdd-ghf**y-1568457074-pr-1 created 
expose:
  Annotations:
    helm.sh/hook: post-install,post-upgrade
    helm.sh/hook-delete-policy: hook-succeeded
  config:
    domain: 130.211.63.4.nip.io
    exposer: Ingress
    http: "true"
preview:
  image:
    repository: gcr.io/jenkins-x-bdd3/bdd-ghf**y-1568457074
    tag: 0.0.0-SNAPSHOT-PR-1-1
Deleting and cloning the Jenkins X versions repo
Cloning the Jenkins X versions repo https://github.com/jenkins-x/jenkins-x-versions.git with ref refs/heads/master to /builder/home/.**/jenkins-x-versions


Updating PipelineActivities cb-kubecd-bdd-ghf**y-1568457074-pr-1-1 which has status Running
Preview application is now available at: http://bdd-ghf**y-1568457074.**-cb-kubecd-bdd-ghf**y-1568457074-pr-1.130.211.63.4.nip.io
